Arguments: 
  D:\应用\nodeJs\node.exe D:\应用\bin\yarn.js add hightcharts

PATH: 
  C:\Program Files (x86)\Intel\iCLS Client\;C:\Program Files\Intel\iCLS Client\;C:\Windows\system32;C:\Windows;C:\Windows\System32\Wbem;C:\Windows\System32\WindowsPowerShell\v1.0\;C:\Program Files (x86)\NVIDIA Corporation\PhysX\Common;C:\Program Files (x86)\Intel\Intel(R) Management Engine Components\DAL;C:\Program Files\Intel\Intel(R) Management Engine Components\DAL;C:\Program Files (x86)\Intel\Intel(R) Management Engine Components\IPT;C:\Program Files\Intel\Intel(R) Management Engine Components\IPT;C:\Program Files\TortoiseSVN\bin;D:\应用\bin\;D;\应用\nodeJs\;;:\应用\Git\cmd;D:\应用\Git\Git\cmd;D:\应用\nodeJs\;C:\WINDOWS\system32;C:\WINDOWS;C:\WINDOWS\System32\Wbem;C:\WINDOWS\System32\WindowsPowerShell\v1.0\;C:\WINDOWS\System32\OpenSSH\;C:\Program Files\Microsoft VS Code\bin;C:\Users\q1085\AppData\Local\Microsoft\WindowsApps;C:\Users\q1085\AppData\Local\Yarn\bin;C:\Program Files\Microsoft VS Code\bin;C:\Users\q1085\AppData\Roaming\npm;C:\Users\q1085\AppData\Local\GitHubDesktop\bin;C:\Users\q1085\AppData\Local\Microsoft\WindowsApps;;D:\应用\Microsoft VS Code\bin

Yarn version: 
  1.7.0

Node version: 
  8.11.2

Platform: 
  win32 x64

Trace: 
  Error: https://registry.yarnpkg.com/hightcharts: Not found
      at Request.params.callback [as _callback] (D:\应用\lib\cli.js:65656:18)
      at Request.self.callback (D:\应用\lib\cli.js:134675:22)
      at emitTwo (events.js:126:13)
      at Request.emit (events.js:214:7)
      at Request.<anonymous> (D:\应用\lib\cli.js:135658:10)
      at emitOne (events.js:116:13)
      at Request.emit (events.js:211:7)
      at IncomingMessage.<anonymous> (D:\应用\lib\cli.js:135578:12)
      at Object.onceWrapper (events.js:313:30)
      at emitNone (events.js:111:20)

npm manifest: 
  {
    "dependencies": {
      "echarts": "^4.2.0-rc.2",
      "echarts-gl": "^1.1.1",
      "jquery": "^3.3.1"
    }
  }

yarn manifest: 
  No manifest

Lockfile: 
  # THIS IS AN AUTOGENERATED FILE. DO NOT EDIT THIS FILE DIRECTLY.
  # yarn lockfile v1
  
  
  claygl@^1.2.1:
    version "1.2.3"
    resolved "https://registry.yarnpkg.com/claygl/-/claygl-1.2.3.tgz#16359822921a9b9363257a6cba116d6cd21e8da7"
  
  echarts-gl@^1.1.1:
    version "1.1.1"
    resolved "https://registry.yarnpkg.com/echarts-gl/-/echarts-gl-1.1.1.tgz#3df321cd4df7fee774e9a09e4dd29c9fd7e9104f"
    dependencies:
      claygl "^1.2.1"
      zrender "^4.0.4"
  
  echarts@^4.2.0-rc.2:
    version "4.2.0-rc.2"
    resolved "https://registry.yarnpkg.com/echarts/-/echarts-4.2.0-rc.2.tgz#6a98397aafa81b65cbf0bc15d9afdbfb244df91e"
    dependencies:
      zrender "4.0.5"
  
  jquery@^3.3.1:
    version "3.3.1"
    resolved "https://registry.yarnpkg.com/jquery/-/jquery-3.3.1.tgz#958ce29e81c9790f31be7792df5d4d95fc57fbca"
  
  zrender@4.0.5, zrender@^4.0.4:
    version "4.0.5"
    resolved "https://registry.yarnpkg.com/zrender/-/zrender-4.0.5.tgz#6e8f738971ce2cd624aac82b2156729b1c0e5a82"
